<?xml version="1.0" encoding="UTF-8"?>
<!-- Generated by org.testng.reporters.JUnitXMLReporter -->
<testsuite ignored="0" hostname="LAPTOP-BG1H6HQE" failures="0" tests="2" name="TestforSeleniumSBA" time="18.277" errors="0" timestamp="13 Sep 2020 08:08:42 GMT">
  <testcase classname="com.qa.tests.TestDisplayCustomer" name="testValidCustomerDetails" time="4.221"/>
  <testcase classname="com.qa.tests.TestCustomer" name="testInvalidCustomerDetails" time="4.451"/>
</testsuite> <!-- TestforSeleniumSBA -->
