<?xml version="1.0" encoding="UTF-8"?>
<testng-results ignored="0" total="2" passed="2" failed="0" skipped="0">
  <reporter-output>
  </reporter-output>
  <suite started-at="2020-09-13T08:08:23Z" name="Suite" finished-at="2020-09-13T08:08:42Z" duration-ms="18277">
    <groups>
    </groups>
    <test started-at="2020-09-13T08:08:23Z" name="TestforSeleniumSBA" finished-at="2020-09-13T08:08:42Z" duration-ms="18277">
      <class name="com.qa.tests.TestDisplayCustomer">
        <test-method is-config="true" signature="setUp()[pri:0, instance:com.qa.tests.TestDisplayCustomer@610f7aa]" started-at="2020-09-13T08:08:23Z" name="setUp" finished-at="2020-09-13T08:08:28Z" duration-ms="4128" status="PASS">
          <reporter-output>
          </reporter-output>
        </test-method> <!-- setUp -->
        <test-method signature="testValidCustomerDetails(java.lang.String, java.lang.String, java.lang.String, java.lang.String, java.lang.String, java.lang.String)[pri:0, instance:com.qa.tests.TestDisplayCustomer@610f7aa]" started-at="2020-09-13T08:08:28Z" name="testValidCustomerDetails" data-provider="customerValid" finished-at="2020-09-13T08:08:32Z" duration-ms="4221" status="PASS">
          <params>
            <param index="0">
              <value>
                <![CDATA[test_For_valid_CustomerDetails]]>
              </value>
            </param>
            <param index="1">
              <value>
                <![CDATA[Sri]]>
              </value>
            </param>
            <param index="2">
              <value>
                <![CDATA[21]]>
              </value>
            </param>
            <param index="3">
              <value>
                <![CDATA[Coimbatore]]>
              </value>
            </param>
            <param index="4">
              <value>
                <![CDATA[8777244144]]>
              </value>
            </param>
            <param index="5">
              <value>
                <![CDATA[madhu@gmail.com]]>
              </value>
            </param>
          </params>
          <reporter-output>
          </reporter-output>
        </test-method> <!-- testValidCustomerDetails -->
        <test-method is-config="true" signature="tearDown()[pri:0, instance:com.qa.tests.TestDisplayCustomer@610f7aa]" started-at="2020-09-13T08:08:33Z" name="tearDown" finished-at="2020-09-13T08:08:33Z" duration-ms="674" status="PASS">
          <reporter-output>
          </reporter-output>
        </test-method> <!-- tearDown -->
      </class> <!-- com.qa.tests.TestDisplayCustomer -->
      <class name="com.qa.tests.TestCustomer">
        <test-method is-config="true" signature="setUp()[pri:0, instance:com.qa.tests.TestCustomer@6a03bcb1]" started-at="2020-09-13T08:08:33Z" name="setUp" finished-at="2020-09-13T08:08:36Z" duration-ms="3320" status="PASS">
          <reporter-output>
          </reporter-output>
        </test-method> <!-- setUp -->
        <test-method signature="testInvalidCustomerDetails(java.lang.String, java.lang.String, java.lang.String, java.lang.String, java.lang.String, java.lang.String)[pri:0, instance:com.qa.tests.TestCustomer@6a03bcb1]" started-at="2020-09-13T08:08:37Z" name="testInvalidCustomerDetails" data-provider="customerInvalid" finished-at="2020-09-13T08:08:41Z" duration-ms="4451" status="PASS">
          <params>
            <param index="0">
              <value>
                <![CDATA[test_For_Invalid_CustomerDetails]]>
              </value>
            </param>
            <param index="1">
              <value>
                <![CDATA[James]]>
              </value>
            </param>
            <param index="2">
              <value>
                <![CDATA[25]]>
              </value>
            </param>
            <param index="3">
              <value>
                <![CDATA[Chennai]]>
              </value>
            </param>
            <param index="4">
              <value>
                <![CDATA[]]>
              </value>
            </param>
            <param index="5">
              <value>
                <![CDATA[wrishi.d.fire@gmail.com]]>
              </value>
            </param>
          </params>
          <reporter-output>
          </reporter-output>
        </test-method> <!-- testInvalidCustomerDetails -->
        <test-method is-config="true" signature="tearDown()[pri:0, instance:com.qa.tests.TestCustomer@6a03bcb1]" started-at="2020-09-13T08:08:41Z" name="tearDown" finished-at="2020-09-13T08:08:42Z" duration-ms="673" status="PASS">
          <reporter-output>
          </reporter-output>
        </test-method> <!-- tearDown -->
      </class> <!-- com.qa.tests.TestCustomer -->
    </test> <!-- TestforSeleniumSBA -->
  </suite> <!-- Suite -->
</testng-results>
